2023/06/08 22:05:14 - mmengine - INFO - 
------------------------------------------------------------
System environment:
    sys.platform: linux
    Python: 3.9.16 (main, Mar  8 2023, 14:00:05) [GCC 11.2.0]
    CUDA available: True
    numpy_random_seed: 506663253
    GPU 0,1,2,3,4,5,6,7: NVIDIA GeForce RTX 3090
    CUDA_HOME: /usr/local/cuda-11.2
    NVCC: Cuda compilation tools, release 11.2, V11.2.152
    GCC: gcc (Ubuntu 7.5.0-3ubuntu1~18.04) 7.5.0
    PyTorch: 1.12.1
    PyTorch compiling details: PyTorch built with:
  - GCC 9.3
  - C++ Version: 201402
  - Intel(R) oneAPI Math Kernel Library Version 2023.1-Product Build 20230303 for Intel(R) 64 architecture applications
  - Intel(R) MKL-DNN v2.6.0 (Git Hash 52b5f107dd9cf10910aaa19cb47f3abf9b349815)
  - OpenMP 201511 (a.k.a. OpenMP 4.5)
  - LAPACK is enabled (usually provided by MKL)
  - NNPACK is enabled
  - CPU capability usage: AVX2
  - CUDA Runtime 11.3
  - NVCC architecture flags: -gencode;arch=compute_37,code=sm_37;-gencode;arch=compute_50,code=sm_50;-gencode;arch=compute_60,code=sm_60;-gencode;arch=compute_61,code=sm_61;-gencode;arch=compute_70,code=sm_70;-gencode;arch=compute_75,code=sm_75;-gencode;arch=compute_80,code=sm_80;-gencode;arch=compute_86,code=sm_86;-gencode;arch=compute_37,code=compute_37
  - CuDNN 8.3.2  (built against CUDA 11.5)
  - Magma 2.5.2
  - Build settings: BLAS_INFO=mkl, BUILD_TYPE=Release, CUDA_VERSION=11.3, CUDNN_VERSION=8.3.2, CXX_COMPILER=/opt/rh/devtoolset-9/root/usr/bin/c++, CXX_FLAGS= -fabi-version=11 -Wno-deprecated -fvisibility-inlines-hidden -DUSE_PTHREADPOOL -fopenmp -DNDEBUG -DUSE_KINETO -DUSE_FBGEMM -DUSE_QNNPACK -DUSE_PYTORCH_QNNPACK -DUSE_XNNPACK -DSYMBOLICATE_MOBILE_DEBUG_HANDLE -DEDGE_PROFILER_USE_KINETO -O2 -fPIC -Wno-narrowing -Wall -Wextra -Werror=return-type -Wno-missing-field-initializers -Wno-type-limits -Wno-array-bounds -Wno-unknown-pragmas -Wno-unused-parameter -Wno-unused-function -Wno-unused-result -Wno-unused-local-typedefs -Wno-strict-overflow -Wno-strict-aliasing -Wno-error=deprecated-declarations -Wno-stringop-overflow -Wno-psabi -Wno-error=pedantic -Wno-error=redundant-decls -Wno-error=old-style-cast -fdiagnostics-color=always -faligned-new -Wno-unused-but-set-variable -Wno-maybe-uninitialized -fno-math-errno -fno-trapping-math -Werror=format -Werror=cast-function-type -Wno-stringop-overflow, LAPACK_INFO=mkl, PERF_WITH_AVX=1, PERF_WITH_AVX2=1, PERF_WITH_AVX512=1, TORCH_VERSION=1.12.1, USE_CUDA=ON, USE_CUDNN=ON, USE_EXCEPTION_PTR=1, USE_GFLAGS=OFF, USE_GLOG=OFF, USE_MKL=ON, USE_MKLDNN=OFF, USE_MPI=OFF, USE_NCCL=ON, USE_NNPACK=ON, USE_OPENMP=ON, USE_ROCM=OFF, 

    TorchVision: 0.13.1
    OpenCV: 4.7.0
    MMEngine: 0.7.4

Runtime environment:
    cudnn_benchmark: False
    mp_cfg: {'mp_start_method': 'fork', 'opencv_num_threads': 0}
    dist_cfg: {'backend': 'nccl'}
    seed: 506663253
    deterministic: False
    Distributed launcher: none
    Distributed training: False
    GPU number: 1
------------------------------------------------------------

2023/06/08 22:05:15 - mmengine - INFO - Config:
model = dict(
    type='ImageClassifier',
    backbone=dict(
        type='ResNet',
        depth=50,
        num_stages=4,
        out_indices=(3, ),
        style='pytorch'),
    neck=dict(type='GlobalAveragePooling'),
    head=dict(
        type='LinearClsHead',
        num_classes=30,
        in_channels=2048,
        loss=dict(type='CrossEntropyLoss', loss_weight=1.0),
        topk=(1, 5)),
    init_cfg=dict(
        type='Pretrained',
        checkpoint=
        'https://download.openmmlab.com/mmclassification/v0/resnet/resnet50_8xb32_in1k_20210831-ea4938fc.pth'
    ))
dataset_type = 'CustomDataset'
data_preprocessor = dict(
    num_classes=30,
    mean=[123.675, 116.28, 103.53],
    std=[58.395, 57.12, 57.375],
    to_rgb=True)
train_pipeline = [
    dict(type='LoadImageFromFile'),
    dict(type='RandomResizedCrop', scale=224),
    dict(type='RandomFlip', prob=0.5, direction='horizontal'),
    dict(type='PackInputs')
]
test_pipeline = [
    dict(type='LoadImageFromFile'),
    dict(type='ResizeEdge', scale=256, edge='short'),
    dict(type='CenterCrop', crop_size=224),
    dict(type='PackInputs')
]
train_dataloader = dict(
    pin_memory=True,
    persistent_workers=True,
    collate_fn=dict(type='default_collate'),
    batch_size=16,
    num_workers=5,
    dataset=dict(
        type='CustomDataset',
        data_root='./dataset/fruit30_train/train',
        pipeline=[
            dict(type='LoadImageFromFile'),
            dict(type='RandomResizedCrop', scale=224),
            dict(type='RandomFlip', prob=0.5, direction='horizontal'),
            dict(type='PackInputs')
        ]),
    sampler=dict(type='DefaultSampler', shuffle=True))
val_dataloader = dict(
    pin_memory=True,
    persistent_workers=True,
    collate_fn=dict(type='default_collate'),
    batch_size=16,
    num_workers=5,
    dataset=dict(
        type='CustomDataset',
        data_root='./dataset/fruit30_train/val',
        pipeline=[
            dict(type='LoadImageFromFile'),
            dict(type='ResizeEdge', scale=256, edge='short'),
            dict(type='CenterCrop', crop_size=224),
            dict(type='PackInputs')
        ]),
    sampler=dict(type='DefaultSampler', shuffle=False))
val_evaluator = dict(type='Accuracy', topk=(1, 5))
test_dataloader = dict(
    pin_memory=True,
    persistent_workers=True,
    collate_fn=dict(type='default_collate'),
    batch_size=16,
    num_workers=5,
    dataset=dict(
        type='CustomDataset',
        data_root='./dataset/fruit30_train/test',
        pipeline=[
            dict(type='LoadImageFromFile'),
            dict(type='ResizeEdge', scale=256, edge='short'),
            dict(type='CenterCrop', crop_size=224),
            dict(type='PackInputs')
        ]),
    sampler=dict(type='DefaultSampler', shuffle=False))
test_evaluator = dict(type='Accuracy', topk=(1, 5))
optim_wrapper = dict(
    optimizer=dict(type='SGD', lr=0.01, momentum=0.9, weight_decay=0.0001))
param_scheduler = dict(
    type='MultiStepLR', by_epoch=True, milestones=[30, 60, 90], gamma=0.1)
train_cfg = dict(by_epoch=True, max_epochs=50, val_interval=1)
val_cfg = dict()
test_cfg = dict()
default_scope = 'mmpretrain'
default_hooks = dict(
    timer=dict(type='IterTimerHook'),
    logger=dict(type='LoggerHook', interval=100),
    param_scheduler=dict(type='ParamSchedulerHook'),
    checkpoint=dict(
        type='CheckpointHook', interval=1, max_keep_ckpts=10,
        save_best='auto'),
    sampler_seed=dict(type='DistSamplerSeedHook'),
    visualization=dict(type='VisualizationHook', enable=False))
env_cfg = dict(
    cudnn_benchmark=False,
    mp_cfg=dict(mp_start_method='fork', opencv_num_threads=0),
    dist_cfg=dict(backend='nccl'))
vis_backends = [dict(type='LocalVisBackend')]
visualizer = dict(
    type='UniversalVisualizer', vis_backends=[dict(type='LocalVisBackend')])
log_level = 'INFO'
load_from = None
resume = False
randomness = dict(seed=None, deterministic=False)
launcher = 'none'
work_dir = './exp'

2023/06/08 22:05:17 - mmengine - INFO - Distributed training is not used, all SyncBatchNorm (SyncBN) layers in the model will be automatically reverted to BatchNormXd layers if they are used.
2023/06/08 22:05:17 - mmengine - INFO - Hooks will be executed in the following order:
before_run:
(VERY_HIGH   ) RuntimeInfoHook                    
(BELOW_NORMAL) LoggerHook                         
 -------------------- 
before_train:
(VERY_HIGH   ) RuntimeInfoHook                    
(NORMAL      ) IterTimerHook                      
(VERY_LOW    ) CheckpointHook                     
 -------------------- 
before_train_epoch:
(VERY_HIGH   ) RuntimeInfoHook                    
(NORMAL      ) IterTimerHook                      
(NORMAL      ) DistSamplerSeedHook                
 -------------------- 
before_train_iter:
(VERY_HIGH   ) RuntimeInfoHook                    
(NORMAL      ) IterTimerHook                      
 -------------------- 
after_train_iter:
(VERY_HIGH   ) RuntimeInfoHook                    
(NORMAL      ) IterTimerHook                      
(BELOW_NORMAL) LoggerHook                         
(LOW         ) ParamSchedulerHook                 
(VERY_LOW    ) CheckpointHook                     
 -------------------- 
after_train_epoch:
(NORMAL      ) IterTimerHook                      
(LOW         ) ParamSchedulerHook                 
(VERY_LOW    ) CheckpointHook                     
 -------------------- 
before_val_epoch:
(NORMAL      ) IterTimerHook                      
 -------------------- 
before_val_iter:
(NORMAL      ) IterTimerHook                      
 -------------------- 
after_val_iter:
(NORMAL      ) IterTimerHook                      
(NORMAL      ) VisualizationHook                  
(BELOW_NORMAL) LoggerHook                         
 -------------------- 
after_val_epoch:
(VERY_HIGH   ) RuntimeInfoHook                    
(NORMAL      ) IterTimerHook                      
(BELOW_NORMAL) LoggerHook                         
(LOW         ) ParamSchedulerHook                 
(VERY_LOW    ) CheckpointHook                     
 -------------------- 
after_train:
(VERY_LOW    ) CheckpointHook                     
 -------------------- 
before_test_epoch:
(NORMAL      ) IterTimerHook                      
 -------------------- 
before_test_iter:
(NORMAL      ) IterTimerHook                      
 -------------------- 
after_test_iter:
(NORMAL      ) IterTimerHook                      
(NORMAL      ) VisualizationHook                  
(BELOW_NORMAL) LoggerHook                         
 -------------------- 
after_test_epoch:
(VERY_HIGH   ) RuntimeInfoHook                    
(NORMAL      ) IterTimerHook                      
(BELOW_NORMAL) LoggerHook                         
 -------------------- 
after_run:
(BELOW_NORMAL) LoggerHook                         
 -------------------- 
2023/06/08 22:05:18 - mmengine - INFO - load model from: https://download.openmmlab.com/mmclassification/v0/resnet/resnet50_8xb32_in1k_20210831-ea4938fc.pth
2023/06/08 22:05:18 - mmengine - INFO - Loads checkpoint by http backend from path: https://download.openmmlab.com/mmclassification/v0/resnet/resnet50_8xb32_in1k_20210831-ea4938fc.pth
2023/06/08 22:05:18 - mmengine - WARNING - The model and loaded state dict do not match exactly

size mismatch for head.fc.weight: copying a param with shape torch.Size([1000, 2048]) from checkpoint, the shape in current model is torch.Size([30, 2048]).
size mismatch for head.fc.bias: copying a param with shape torch.Size([1000]) from checkpoint, the shape in current model is torch.Size([30]).
Name of parameter - Initialization information

backbone.conv1.weight - torch.Size([64, 3, 7, 7]): 
PretrainedInit: load from https://download.openmmlab.com/mmclassification/v0/resnet/resnet50_8xb32_in1k_20210831-ea4938fc.pth 

backbone.bn1.weight - torch.Size([64]): 
PretrainedInit: load from https://download.openmmlab.com/mmclassification/v0/resnet/resnet50_8xb32_in1k_20210831-ea4938fc.pth 

backbone.bn1.bias - torch.Size([64]): 
PretrainedInit: load from https://download.openmmlab.com/mmclassification/v0/resnet/resnet50_8xb32_in1k_20210831-ea4938fc.pth 

backbone.layer1.0.conv1.weight - torch.Size([64, 64, 1, 1]): 
PretrainedInit: load from https://download.openmmlab.com/mmclassification/v0/resnet/resnet50_8xb32_in1k_20210831-ea4938fc.pth 

backbone.layer1.0.bn1.weight - torch.Size([64]): 
PretrainedInit: load from https://download.openmmlab.com/mmclassification/v0/resnet/resnet50_8xb32_in1k_20210831-ea4938fc.pth 

backbone.layer1.0.bn1.bias - torch.Size([64]): 
PretrainedInit: load from https://download.openmmlab.com/mmclassification/v0/resnet/resnet50_8xb32_in1k_20210831-ea4938fc.pth 

backbone.layer1.0.conv2.weight - torch.Size([64, 64, 3, 3]): 
PretrainedInit: load from https://download.openmmlab.com/mmclassification/v0/resnet/resnet50_8xb32_in1k_20210831-ea4938fc.pth 

backbone.layer1.0.bn2.weight - torch.Size([64]): 
PretrainedInit: load from https://download.openmmlab.com/mmclassification/v0/resnet/resnet50_8xb32_in1k_20210831-ea4938fc.pth 

backbone.layer1.0.bn2.bias - torch.Size([64]): 
PretrainedInit: load from https://download.openmmlab.com/mmclassification/v0/resnet/resnet50_8xb32_in1k_20210831-ea4938fc.pth 

backbone.layer1.0.conv3.weight - torch.Size([256, 64, 1, 1]): 
PretrainedInit: load from https://download.openmmlab.com/mmclassification/v0/resnet/resnet50_8xb32_in1k_20210831-ea4938fc.pth 

backbone.layer1.0.bn3.weight - torch.Size([256]): 
PretrainedInit: load from https://download.openmmlab.com/mmclassification/v0/resnet/resnet50_8xb32_in1k_20210831-ea4938fc.pth 

backbone.layer1.0.bn3.bias - torch.Size([256]): 
PretrainedInit: load from https://download.openmmlab.com/mmclassification/v0/resnet/resnet50_8xb32_in1k_20210831-ea4938fc.pth 

backbone.layer1.0.downsample.0.weight - torch.Size([256, 64, 1, 1]): 
PretrainedInit: load from https://download.openmmlab.com/mmclassification/v0/resnet/resnet50_8xb32_in1k_20210831-ea4938fc.pth 

backbone.layer1.0.downsample.1.weight - torch.Size([256]): 
PretrainedInit: load from https://download.openmmlab.com/mmclassification/v0/resnet/resnet50_8xb32_in1k_20210831-ea4938fc.pth 

backbone.layer1.0.downsample.1.bias - torch.Size([256]): 
PretrainedInit: load from https://download.openmmlab.com/mmclassification/v0/resnet/resnet50_8xb32_in1k_20210831-ea4938fc.pth 

backbone.layer1.1.conv1.weight - torch.Size([64, 256, 1, 1]): 
PretrainedInit: load from https://download.openmmlab.com/mmclassification/v0/resnet/resnet50_8xb32_in1k_20210831-ea4938fc.pth 

backbone.layer1.1.bn1.weight - torch.Size([64]): 
PretrainedInit: load from https://download.openmmlab.com/mmclassification/v0/resnet/resnet50_8xb32_in1k_20210831-ea4938fc.pth 

backbone.layer1.1.bn1.bias - torch.Size([64]): 
PretrainedInit: load from https://download.openmmlab.com/mmclassification/v0/resnet/resnet50_8xb32_in1k_20210831-ea4938fc.pth 

backbone.layer1.1.conv2.weight - torch.Size([64, 64, 3, 3]): 
PretrainedInit: load from https://download.openmmlab.com/mmclassification/v0/resnet/resnet50_8xb32_in1k_20210831-ea4938fc.pth 

backbone.layer1.1.bn2.weight - torch.Size([64]): 
PretrainedInit: load from https://download.openmmlab.com/mmclassification/v0/resnet/resnet50_8xb32_in1k_20210831-ea4938fc.pth 

backbone.layer1.1.bn2.bias - torch.Size([64]): 
PretrainedInit: load from https://download.openmmlab.com/mmclassification/v0/resnet/resnet50_8xb32_in1k_20210831-ea4938fc.pth 

backbone.layer1.1.conv3.weight - torch.Size([256, 64, 1, 1]): 
PretrainedInit: load from https://download.openmmlab.com/mmclassification/v0/resnet/resnet50_8xb32_in1k_20210831-ea4938fc.pth 

backbone.layer1.1.bn3.weight - torch.Size([256]): 
PretrainedInit: load from https://download.openmmlab.com/mmclassification/v0/resnet/resnet50_8xb32_in1k_20210831-ea4938fc.pth 

backbone.layer1.1.bn3.bias - torch.Size([256]): 
PretrainedInit: load from https://download.openmmlab.com/mmclassification/v0/resnet/resnet50_8xb32_in1k_20210831-ea4938fc.pth 

backbone.layer1.2.conv1.weight - torch.Size([64, 256, 1, 1]): 
PretrainedInit: load from https://download.openmmlab.com/mmclassification/v0/resnet/resnet50_8xb32_in1k_20210831-ea4938fc.pth 

backbone.layer1.2.bn1.weight - torch.Size([64]): 
PretrainedInit: load from https://download.openmmlab.com/mmclassification/v0/resnet/resnet50_8xb32_in1k_20210831-ea4938fc.pth 

backbone.layer1.2.bn1.bias - torch.Size([64]): 
PretrainedInit: load from https://download.openmmlab.com/mmclassification/v0/resnet/resnet50_8xb32_in1k_20210831-ea4938fc.pth 

backbone.layer1.2.conv2.weight - torch.Size([64, 64, 3, 3]): 
PretrainedInit: load from https://download.openmmlab.com/mmclassification/v0/resnet/resnet50_8xb32_in1k_20210831-ea4938fc.pth 

backbone.layer1.2.bn2.weight - torch.Size([64]): 
PretrainedInit: load from https://download.openmmlab.com/mmclassification/v0/resnet/resnet50_8xb32_in1k_20210831-ea4938fc.pth 

backbone.layer1.2.bn2.bias - torch.Size([64]): 
PretrainedInit: load from https://download.openmmlab.com/mmclassification/v0/resnet/resnet50_8xb32_in1k_20210831-ea4938fc.pth 

backbone.layer1.2.conv3.weight - torch.Size([256, 64, 1, 1]): 
PretrainedInit: load from https://download.openmmlab.com/mmclassification/v0/resnet/resnet50_8xb32_in1k_20210831-ea4938fc.pth 

backbone.layer1.2.bn3.weight - torch.Size([256]): 
PretrainedInit: load from https://download.openmmlab.com/mmclassification/v0/resnet/resnet50_8xb32_in1k_20210831-ea4938fc.pth 

backbone.layer1.2.bn3.bias - torch.Size([256]): 
PretrainedInit: load from https://download.openmmlab.com/mmclassification/v0/resnet/resnet50_8xb32_in1k_20210831-ea4938fc.pth 

backbone.layer2.0.conv1.weight - torch.Size([128, 256, 1, 1]): 
PretrainedInit: load from https://download.openmmlab.com/mmclassification/v0/resnet/resnet50_8xb32_in1k_20210831-ea4938fc.pth 

backbone.layer2.0.bn1.weight - torch.Size([128]): 
PretrainedInit: load from https://download.openmmlab.com/mmclassification/v0/resnet/resnet50_8xb32_in1k_20210831-ea4938fc.pth 

backbone.layer2.0.bn1.bias - torch.Size([128]): 
PretrainedInit: load from https://download.openmmlab.com/mmclassification/v0/resnet/resnet50_8xb32_in1k_20210831-ea4938fc.pth 

backbone.layer2.0.conv2.weight - torch.Size([128, 128, 3, 3]): 
PretrainedInit: load from https://download.openmmlab.com/mmclassification/v0/resnet/resnet50_8xb32_in1k_20210831-ea4938fc.pth 

backbone.layer2.0.bn2.weight - torch.Size([128]): 
PretrainedInit: load from https://download.openmmlab.com/mmclassification/v0/resnet/resnet50_8xb32_in1k_20210831-ea4938fc.pth 

backbone.layer2.0.bn2.bias - torch.Size([128]): 
PretrainedInit: load from https://download.openmmlab.com/mmclassification/v0/resnet/resnet50_8xb32_in1k_20210831-ea4938fc.pth 

backbone.layer2.0.conv3.weight - torch.Size([512, 128, 1, 1]): 
PretrainedInit: load from https://download.openmmlab.com/mmclassification/v0/resnet/resnet50_8xb32_in1k_20210831-ea4938fc.pth 

backbone.layer2.0.bn3.weight - torch.Size([512]): 
PretrainedInit: load from https://download.openmmlab.com/mmclassification/v0/resnet/resnet50_8xb32_in1k_20210831-ea4938fc.pth 

backbone.layer2.0.bn3.bias - torch.Size([512]): 
PretrainedInit: load from https://download.openmmlab.com/mmclassification/v0/resnet/resnet50_8xb32_in1k_20210831-ea4938fc.pth 

backbone.layer2.0.downsample.0.weight - torch.Size([512, 256, 1, 1]): 
PretrainedInit: load from https://download.openmmlab.com/mmclassification/v0/resnet/resnet50_8xb32_in1k_20210831-ea4938fc.pth 

backbone.layer2.0.downsample.1.weight - torch.Size([512]): 
PretrainedInit: load from https://download.openmmlab.com/mmclassification/v0/resnet/resnet50_8xb32_in1k_20210831-ea4938fc.pth 

backbone.layer2.0.downsample.1.bias - torch.Size([512]): 
PretrainedInit: load from https://download.openmmlab.com/mmclassification/v0/resnet/resnet50_8xb32_in1k_20210831-ea4938fc.pth 

backbone.layer2.1.conv1.weight - torch.Size([128, 512, 1, 1]): 
PretrainedInit: load from https://download.openmmlab.com/mmclassification/v0/resnet/resnet50_8xb32_in1k_20210831-ea4938fc.pth 

backbone.layer2.1.bn1.weight - torch.Size([128]): 
PretrainedInit: load from https://download.openmmlab.com/mmclassification/v0/resnet/resnet50_8xb32_in1k_20210831-ea4938fc.pth 

backbone.layer2.1.bn1.bias - torch.Size([128]): 
PretrainedInit: load from https://download.openmmlab.com/mmclassification/v0/resnet/resnet50_8xb32_in1k_20210831-ea4938fc.pth 

backbone.layer2.1.conv2.weight - torch.Size([128, 128, 3, 3]): 
PretrainedInit: load from https://download.openmmlab.com/mmclassification/v0/resnet/resnet50_8xb32_in1k_20210831-ea4938fc.pth 

backbone.layer2.1.bn2.weight - torch.Size([128]): 
PretrainedInit: load from https://download.openmmlab.com/mmclassification/v0/resnet/resnet50_8xb32_in1k_20210831-ea4938fc.pth 

backbone.layer2.1.bn2.bias - torch.Size([128]): 
PretrainedInit: load from https://download.openmmlab.com/mmclassification/v0/resnet/resnet50_8xb32_in1k_20210831-ea4938fc.pth 

backbone.layer2.1.conv3.weight - torch.Size([512, 128, 1, 1]): 
PretrainedInit: load from https://download.openmmlab.com/mmclassification/v0/resnet/resnet50_8xb32_in1k_20210831-ea4938fc.pth 

backbone.layer2.1.bn3.weight - torch.Size([512]): 
PretrainedInit: load from https://download.openmmlab.com/mmclassification/v0/resnet/resnet50_8xb32_in1k_20210831-ea4938fc.pth 

backbone.layer2.1.bn3.bias - torch.Size([512]): 
PretrainedInit: load from https://download.openmmlab.com/mmclassification/v0/resnet/resnet50_8xb32_in1k_20210831-ea4938fc.pth 

backbone.layer2.2.conv1.weight - torch.Size([128, 512, 1, 1]): 
PretrainedInit: load from https://download.openmmlab.com/mmclassification/v0/resnet/resnet50_8xb32_in1k_20210831-ea4938fc.pth 

backbone.layer2.2.bn1.weight - torch.Size([128]): 
PretrainedInit: load from https://download.openmmlab.com/mmclassification/v0/resnet/resnet50_8xb32_in1k_20210831-ea4938fc.pth 

backbone.layer2.2.bn1.bias - torch.Size([128]): 
PretrainedInit: load from https://download.openmmlab.com/mmclassification/v0/resnet/resnet50_8xb32_in1k_20210831-ea4938fc.pth 

backbone.layer2.2.conv2.weight - torch.Size([128, 128, 3, 3]): 
PretrainedInit: load from https://download.openmmlab.com/mmclassification/v0/resnet/resnet50_8xb32_in1k_20210831-ea4938fc.pth 

backbone.layer2.2.bn2.weight - torch.Size([128]): 
PretrainedInit: load from https://download.openmmlab.com/mmclassification/v0/resnet/resnet50_8xb32_in1k_20210831-ea4938fc.pth 

backbone.layer2.2.bn2.bias - torch.Size([128]): 
PretrainedInit: load from https://download.openmmlab.com/mmclassification/v0/resnet/resnet50_8xb32_in1k_20210831-ea4938fc.pth 

backbone.layer2.2.conv3.weight - torch.Size([512, 128, 1, 1]): 
PretrainedInit: load from https://download.openmmlab.com/mmclassification/v0/resnet/resnet50_8xb32_in1k_20210831-ea4938fc.pth 

backbone.layer2.2.bn3.weight - torch.Size([512]): 
PretrainedInit: load from https://download.openmmlab.com/mmclassification/v0/resnet/resnet50_8xb32_in1k_20210831-ea4938fc.pth 

backbone.layer2.2.bn3.bias - torch.Size([512]): 
PretrainedInit: load from https://download.openmmlab.com/mmclassification/v0/resnet/resnet50_8xb32_in1k_20210831-ea4938fc.pth 

backbone.layer2.3.conv1.weight - torch.Size([128, 512, 1, 1]): 
PretrainedInit: load from https://download.openmmlab.com/mmclassification/v0/resnet/resnet50_8xb32_in1k_20210831-ea4938fc.pth 

backbone.layer2.3.bn1.weight - torch.Size([128]): 
PretrainedInit: load from https://download.openmmlab.com/mmclassification/v0/resnet/resnet50_8xb32_in1k_20210831-ea4938fc.pth 

backbone.layer2.3.bn1.bias - torch.Size([128]): 
PretrainedInit: load from https://download.openmmlab.com/mmclassification/v0/resnet/resnet50_8xb32_in1k_20210831-ea4938fc.pth 

backbone.layer2.3.conv2.weight - torch.Size([128, 128, 3, 3]): 
PretrainedInit: load from https://download.openmmlab.com/mmclassification/v0/resnet/resnet50_8xb32_in1k_20210831-ea4938fc.pth 

backbone.layer2.3.bn2.weight - torch.Size([128]): 
PretrainedInit: load from https://download.openmmlab.com/mmclassification/v0/resnet/resnet50_8xb32_in1k_20210831-ea4938fc.pth 

backbone.layer2.3.bn2.bias - torch.Size([128]): 
PretrainedInit: load from https://download.openmmlab.com/mmclassification/v0/resnet/resnet50_8xb32_in1k_20210831-ea4938fc.pth 

backbone.layer2.3.conv3.weight - torch.Size([512, 128, 1, 1]): 
PretrainedInit: load from https://download.openmmlab.com/mmclassification/v0/resnet/resnet50_8xb32_in1k_20210831-ea4938fc.pth 

backbone.layer2.3.bn3.weight - torch.Size([512]): 
PretrainedInit: load from https://download.openmmlab.com/mmclassification/v0/resnet/resnet50_8xb32_in1k_20210831-ea4938fc.pth 

backbone.layer2.3.bn3.bias - torch.Size([512]): 
PretrainedInit: load from https://download.openmmlab.com/mmclassification/v0/resnet/resnet50_8xb32_in1k_20210831-ea4938fc.pth 

backbone.layer3.0.conv1.weight - torch.Size([256, 512, 1, 1]): 
PretrainedInit: load from https://download.openmmlab.com/mmclassification/v0/resnet/resnet50_8xb32_in1k_20210831-ea4938fc.pth 

backbone.layer3.0.bn1.weight - torch.Size([256]): 
PretrainedInit: load from https://download.openmmlab.com/mmclassification/v0/resnet/resnet50_8xb32_in1k_20210831-ea4938fc.pth 

backbone.layer3.0.bn1.bias - torch.Size([256]): 
PretrainedInit: load from https://download.openmmlab.com/mmclassification/v0/resnet/resnet50_8xb32_in1k_20210831-ea4938fc.pth 

backbone.layer3.0.conv2.weight - torch.Size([256, 256, 3, 3]): 
PretrainedInit: load from https://download.openmmlab.com/mmclassification/v0/resnet/resnet50_8xb32_in1k_20210831-ea4938fc.pth 

backbone.layer3.0.bn2.weight - torch.Size([256]): 
PretrainedInit: load from https://download.openmmlab.com/mmclassification/v0/resnet/resnet50_8xb32_in1k_20210831-ea4938fc.pth 

backbone.layer3.0.bn2.bias - torch.Size([256]): 
PretrainedInit: load from https://download.openmmlab.com/mmclassification/v0/resnet/resnet50_8xb32_in1k_20210831-ea4938fc.pth 

backbone.layer3.0.conv3.weight - torch.Size([1024, 256, 1, 1]): 
PretrainedInit: load from https://download.openmmlab.com/mmclassification/v0/resnet/resnet50_8xb32_in1k_20210831-ea4938fc.pth 

backbone.layer3.0.bn3.weight - torch.Size([1024]): 
PretrainedInit: load from https://download.openmmlab.com/mmclassification/v0/resnet/resnet50_8xb32_in1k_20210831-ea4938fc.pth 

backbone.layer3.0.bn3.bias - torch.Size([1024]): 
PretrainedInit: load from https://download.openmmlab.com/mmclassification/v0/resnet/resnet50_8xb32_in1k_20210831-ea4938fc.pth 

backbone.layer3.0.downsample.0.weight - torch.Size([1024, 512, 1, 1]): 
PretrainedInit: load from https://download.openmmlab.com/mmclassification/v0/resnet/resnet50_8xb32_in1k_20210831-ea4938fc.pth 

backbone.layer3.0.downsample.1.weight - torch.Size([1024]): 
PretrainedInit: load from https://download.openmmlab.com/mmclassification/v0/resnet/resnet50_8xb32_in1k_20210831-ea4938fc.pth 

backbone.layer3.0.downsample.1.bias - torch.Size([1024]): 
PretrainedInit: load from https://download.openmmlab.com/mmclassification/v0/resnet/resnet50_8xb32_in1k_20210831-ea4938fc.pth 

backbone.layer3.1.conv1.weight - torch.Size([256, 1024, 1, 1]): 
PretrainedInit: load from https://download.openmmlab.com/mmclassification/v0/resnet/resnet50_8xb32_in1k_20210831-ea4938fc.pth 

backbone.layer3.1.bn1.weight - torch.Size([256]): 
PretrainedInit: load from https://download.openmmlab.com/mmclassification/v0/resnet/resnet50_8xb32_in1k_20210831-ea4938fc.pth 

backbone.layer3.1.bn1.bias - torch.Size([256]): 
PretrainedInit: load from https://download.openmmlab.com/mmclassification/v0/resnet/resnet50_8xb32_in1k_20210831-ea4938fc.pth 

backbone.layer3.1.conv2.weight - torch.Size([256, 256, 3, 3]): 
PretrainedInit: load from https://download.openmmlab.com/mmclassification/v0/resnet/resnet50_8xb32_in1k_20210831-ea4938fc.pth 

backbone.layer3.1.bn2.weight - torch.Size([256]): 
PretrainedInit: load from https://download.openmmlab.com/mmclassification/v0/resnet/resnet50_8xb32_in1k_20210831-ea4938fc.pth 

backbone.layer3.1.bn2.bias - torch.Size([256]): 
PretrainedInit: load from https://download.openmmlab.com/mmclassification/v0/resnet/resnet50_8xb32_in1k_20210831-ea4938fc.pth 

backbone.layer3.1.conv3.weight - torch.Size([1024, 256, 1, 1]): 
PretrainedInit: load from https://download.openmmlab.com/mmclassification/v0/resnet/resnet50_8xb32_in1k_20210831-ea4938fc.pth 

backbone.layer3.1.bn3.weight - torch.Size([1024]): 
PretrainedInit: load from https://download.openmmlab.com/mmclassification/v0/resnet/resnet50_8xb32_in1k_20210831-ea4938fc.pth 

backbone.layer3.1.bn3.bias - torch.Size([1024]): 
PretrainedInit: load from https://download.openmmlab.com/mmclassification/v0/resnet/resnet50_8xb32_in1k_20210831-ea4938fc.pth 

backbone.layer3.2.conv1.weight - torch.Size([256, 1024, 1, 1]): 
PretrainedInit: load from https://download.openmmlab.com/mmclassification/v0/resnet/resnet50_8xb32_in1k_20210831-ea4938fc.pth 

backbone.layer3.2.bn1.weight - torch.Size([256]): 
PretrainedInit: load from https://download.openmmlab.com/mmclassification/v0/resnet/resnet50_8xb32_in1k_20210831-ea4938fc.pth 

backbone.layer3.2.bn1.bias - torch.Size([256]): 
PretrainedInit: load from https://download.openmmlab.com/mmclassification/v0/resnet/resnet50_8xb32_in1k_20210831-ea4938fc.pth 

backbone.layer3.2.conv2.weight - torch.Size([256, 256, 3, 3]): 
PretrainedInit: load from https://download.openmmlab.com/mmclassification/v0/resnet/resnet50_8xb32_in1k_20210831-ea4938fc.pth 

backbone.layer3.2.bn2.weight - torch.Size([256]): 
PretrainedInit: load from https://download.openmmlab.com/mmclassification/v0/resnet/resnet50_8xb32_in1k_20210831-ea4938fc.pth 

backbone.layer3.2.bn2.bias - torch.Size([256]): 
PretrainedInit: load from https://download.openmmlab.com/mmclassification/v0/resnet/resnet50_8xb32_in1k_20210831-ea4938fc.pth 

backbone.layer3.2.conv3.weight - torch.Size([1024, 256, 1, 1]): 
PretrainedInit: load from https://download.openmmlab.com/mmclassification/v0/resnet/resnet50_8xb32_in1k_20210831-ea4938fc.pth 

backbone.layer3.2.bn3.weight - torch.Size([1024]): 
PretrainedInit: load from https://download.openmmlab.com/mmclassification/v0/resnet/resnet50_8xb32_in1k_20210831-ea4938fc.pth 

backbone.layer3.2.bn3.bias - torch.Size([1024]): 
PretrainedInit: load from https://download.openmmlab.com/mmclassification/v0/resnet/resnet50_8xb32_in1k_20210831-ea4938fc.pth 

backbone.layer3.3.conv1.weight - torch.Size([256, 1024, 1, 1]): 
PretrainedInit: load from https://download.openmmlab.com/mmclassification/v0/resnet/resnet50_8xb32_in1k_20210831-ea4938fc.pth 

backbone.layer3.3.bn1.weight - torch.Size([256]): 
PretrainedInit: load from https://download.openmmlab.com/mmclassification/v0/resnet/resnet50_8xb32_in1k_20210831-ea4938fc.pth 

backbone.layer3.3.bn1.bias - torch.Size([256]): 
PretrainedInit: load from https://download.openmmlab.com/mmclassification/v0/resnet/resnet50_8xb32_in1k_20210831-ea4938fc.pth 

backbone.layer3.3.conv2.weight - torch.Size([256, 256, 3, 3]): 
PretrainedInit: load from https://download.openmmlab.com/mmclassification/v0/resnet/resnet50_8xb32_in1k_20210831-ea4938fc.pth 

backbone.layer3.3.bn2.weight - torch.Size([256]): 
PretrainedInit: load from https://download.openmmlab.com/mmclassification/v0/resnet/resnet50_8xb32_in1k_20210831-ea4938fc.pth 

backbone.layer3.3.bn2.bias - torch.Size([256]): 
PretrainedInit: load from https://download.openmmlab.com/mmclassification/v0/resnet/resnet50_8xb32_in1k_20210831-ea4938fc.pth 

backbone.layer3.3.conv3.weight - torch.Size([1024, 256, 1, 1]): 
PretrainedInit: load from https://download.openmmlab.com/mmclassification/v0/resnet/resnet50_8xb32_in1k_20210831-ea4938fc.pth 

backbone.layer3.3.bn3.weight - torch.Size([1024]): 
PretrainedInit: load from https://download.openmmlab.com/mmclassification/v0/resnet/resnet50_8xb32_in1k_20210831-ea4938fc.pth 

backbone.layer3.3.bn3.bias - torch.Size([1024]): 
PretrainedInit: load from https://download.openmmlab.com/mmclassification/v0/resnet/resnet50_8xb32_in1k_20210831-ea4938fc.pth 

backbone.layer3.4.conv1.weight - torch.Size([256, 1024, 1, 1]): 
PretrainedInit: load from https://download.openmmlab.com/mmclassification/v0/resnet/resnet50_8xb32_in1k_20210831-ea4938fc.pth 

backbone.layer3.4.bn1.weight - torch.Size([256]): 
PretrainedInit: load from https://download.openmmlab.com/mmclassification/v0/resnet/resnet50_8xb32_in1k_20210831-ea4938fc.pth 

backbone.layer3.4.bn1.bias - torch.Size([256]): 
PretrainedInit: load from https://download.openmmlab.com/mmclassification/v0/resnet/resnet50_8xb32_in1k_20210831-ea4938fc.pth 

backbone.layer3.4.conv2.weight - torch.Size([256, 256, 3, 3]): 
PretrainedInit: load from https://download.openmmlab.com/mmclassification/v0/resnet/resnet50_8xb32_in1k_20210831-ea4938fc.pth 

backbone.layer3.4.bn2.weight - torch.Size([256]): 
PretrainedInit: load from https://download.openmmlab.com/mmclassification/v0/resnet/resnet50_8xb32_in1k_20210831-ea4938fc.pth 

backbone.layer3.4.bn2.bias - torch.Size([256]): 
PretrainedInit: load from https://download.openmmlab.com/mmclassification/v0/resnet/resnet50_8xb32_in1k_20210831-ea4938fc.pth 

backbone.layer3.4.conv3.weight - torch.Size([1024, 256, 1, 1]): 
PretrainedInit: load from https://download.openmmlab.com/mmclassification/v0/resnet/resnet50_8xb32_in1k_20210831-ea4938fc.pth 

backbone.layer3.4.bn3.weight - torch.Size([1024]): 
PretrainedInit: load from https://download.openmmlab.com/mmclassification/v0/resnet/resnet50_8xb32_in1k_20210831-ea4938fc.pth 

backbone.layer3.4.bn3.bias - torch.Size([1024]): 
PretrainedInit: load from https://download.openmmlab.com/mmclassification/v0/resnet/resnet50_8xb32_in1k_20210831-ea4938fc.pth 

backbone.layer3.5.conv1.weight - torch.Size([256, 1024, 1, 1]): 
PretrainedInit: load from https://download.openmmlab.com/mmclassification/v0/resnet/resnet50_8xb32_in1k_20210831-ea4938fc.pth 

backbone.layer3.5.bn1.weight - torch.Size([256]): 
PretrainedInit: load from https://download.openmmlab.com/mmclassification/v0/resnet/resnet50_8xb32_in1k_20210831-ea4938fc.pth 

backbone.layer3.5.bn1.bias - torch.Size([256]): 
PretrainedInit: load from https://download.openmmlab.com/mmclassification/v0/resnet/resnet50_8xb32_in1k_20210831-ea4938fc.pth 

backbone.layer3.5.conv2.weight - torch.Size([256, 256, 3, 3]): 
PretrainedInit: load from https://download.openmmlab.com/mmclassification/v0/resnet/resnet50_8xb32_in1k_20210831-ea4938fc.pth 

backbone.layer3.5.bn2.weight - torch.Size([256]): 
PretrainedInit: load from https://download.openmmlab.com/mmclassification/v0/resnet/resnet50_8xb32_in1k_20210831-ea4938fc.pth 

backbone.layer3.5.bn2.bias - torch.Size([256]): 
PretrainedInit: load from https://download.openmmlab.com/mmclassification/v0/resnet/resnet50_8xb32_in1k_20210831-ea4938fc.pth 

backbone.layer3.5.conv3.weight - torch.Size([1024, 256, 1, 1]): 
PretrainedInit: load from https://download.openmmlab.com/mmclassification/v0/resnet/resnet50_8xb32_in1k_20210831-ea4938fc.pth 

backbone.layer3.5.bn3.weight - torch.Size([1024]): 
PretrainedInit: load from https://download.openmmlab.com/mmclassification/v0/resnet/resnet50_8xb32_in1k_20210831-ea4938fc.pth 

backbone.layer3.5.bn3.bias - torch.Size([1024]): 
PretrainedInit: load from https://download.openmmlab.com/mmclassification/v0/resnet/resnet50_8xb32_in1k_20210831-ea4938fc.pth 

backbone.layer4.0.conv1.weight - torch.Size([512, 1024, 1, 1]): 
PretrainedInit: load from https://download.openmmlab.com/mmclassification/v0/resnet/resnet50_8xb32_in1k_20210831-ea4938fc.pth 

backbone.layer4.0.bn1.weight - torch.Size([512]): 
PretrainedInit: load from https://download.openmmlab.com/mmclassification/v0/resnet/resnet50_8xb32_in1k_20210831-ea4938fc.pth 

backbone.layer4.0.bn1.bias - torch.Size([512]): 
PretrainedInit: load from https://download.openmmlab.com/mmclassification/v0/resnet/resnet50_8xb32_in1k_20210831-ea4938fc.pth 

backbone.layer4.0.conv2.weight - torch.Size([512, 512, 3, 3]): 
PretrainedInit: load from https://download.openmmlab.com/mmclassification/v0/resnet/resnet50_8xb32_in1k_20210831-ea4938fc.pth 

backbone.layer4.0.bn2.weight - torch.Size([512]): 
PretrainedInit: load from https://download.openmmlab.com/mmclassification/v0/resnet/resnet50_8xb32_in1k_20210831-ea4938fc.pth 

backbone.layer4.0.bn2.bias - torch.Size([512]): 
PretrainedInit: load from https://download.openmmlab.com/mmclassification/v0/resnet/resnet50_8xb32_in1k_20210831-ea4938fc.pth 

backbone.layer4.0.conv3.weight - torch.Size([2048, 512, 1, 1]): 
PretrainedInit: load from https://download.openmmlab.com/mmclassification/v0/resnet/resnet50_8xb32_in1k_20210831-ea4938fc.pth 

backbone.layer4.0.bn3.weight - torch.Size([2048]): 
PretrainedInit: load from https://download.openmmlab.com/mmclassification/v0/resnet/resnet50_8xb32_in1k_20210831-ea4938fc.pth 

backbone.layer4.0.bn3.bias - torch.Size([2048]): 
PretrainedInit: load from https://download.openmmlab.com/mmclassification/v0/resnet/resnet50_8xb32_in1k_20210831-ea4938fc.pth 

backbone.layer4.0.downsample.0.weight - torch.Size([2048, 1024, 1, 1]): 
PretrainedInit: load from https://download.openmmlab.com/mmclassification/v0/resnet/resnet50_8xb32_in1k_20210831-ea4938fc.pth 

backbone.layer4.0.downsample.1.weight - torch.Size([2048]): 
PretrainedInit: load from https://download.openmmlab.com/mmclassification/v0/resnet/resnet50_8xb32_in1k_20210831-ea4938fc.pth 

backbone.layer4.0.downsample.1.bias - torch.Size([2048]): 
PretrainedInit: load from https://download.openmmlab.com/mmclassification/v0/resnet/resnet50_8xb32_in1k_20210831-ea4938fc.pth 

backbone.layer4.1.conv1.weight - torch.Size([512, 2048, 1, 1]): 
PretrainedInit: load from https://download.openmmlab.com/mmclassification/v0/resnet/resnet50_8xb32_in1k_20210831-ea4938fc.pth 

backbone.layer4.1.bn1.weight - torch.Size([512]): 
PretrainedInit: load from https://download.openmmlab.com/mmclassification/v0/resnet/resnet50_8xb32_in1k_20210831-ea4938fc.pth 

backbone.layer4.1.bn1.bias - torch.Size([512]): 
PretrainedInit: load from https://download.openmmlab.com/mmclassification/v0/resnet/resnet50_8xb32_in1k_20210831-ea4938fc.pth 

backbone.layer4.1.conv2.weight - torch.Size([512, 512, 3, 3]): 
PretrainedInit: load from https://download.openmmlab.com/mmclassification/v0/resnet/resnet50_8xb32_in1k_20210831-ea4938fc.pth 

backbone.layer4.1.bn2.weight - torch.Size([512]): 
PretrainedInit: load from https://download.openmmlab.com/mmclassification/v0/resnet/resnet50_8xb32_in1k_20210831-ea4938fc.pth 

backbone.layer4.1.bn2.bias - torch.Size([512]): 
PretrainedInit: load from https://download.openmmlab.com/mmclassification/v0/resnet/resnet50_8xb32_in1k_20210831-ea4938fc.pth 

backbone.layer4.1.conv3.weight - torch.Size([2048, 512, 1, 1]): 
PretrainedInit: load from https://download.openmmlab.com/mmclassification/v0/resnet/resnet50_8xb32_in1k_20210831-ea4938fc.pth 

backbone.layer4.1.bn3.weight - torch.Size([2048]): 
PretrainedInit: load from https://download.openmmlab.com/mmclassification/v0/resnet/resnet50_8xb32_in1k_20210831-ea4938fc.pth 

backbone.layer4.1.bn3.bias - torch.Size([2048]): 
PretrainedInit: load from https://download.openmmlab.com/mmclassification/v0/resnet/resnet50_8xb32_in1k_20210831-ea4938fc.pth 

backbone.layer4.2.conv1.weight - torch.Size([512, 2048, 1, 1]): 
PretrainedInit: load from https://download.openmmlab.com/mmclassification/v0/resnet/resnet50_8xb32_in1k_20210831-ea4938fc.pth 

backbone.layer4.2.bn1.weight - torch.Size([512]): 
PretrainedInit: load from https://download.openmmlab.com/mmclassification/v0/resnet/resnet50_8xb32_in1k_20210831-ea4938fc.pth 

backbone.layer4.2.bn1.bias - torch.Size([512]): 
PretrainedInit: load from https://download.openmmlab.com/mmclassification/v0/resnet/resnet50_8xb32_in1k_20210831-ea4938fc.pth 

backbone.layer4.2.conv2.weight - torch.Size([512, 512, 3, 3]): 
PretrainedInit: load from https://download.openmmlab.com/mmclassification/v0/resnet/resnet50_8xb32_in1k_20210831-ea4938fc.pth 

backbone.layer4.2.bn2.weight - torch.Size([512]): 
PretrainedInit: load from https://download.openmmlab.com/mmclassification/v0/resnet/resnet50_8xb32_in1k_20210831-ea4938fc.pth 

backbone.layer4.2.bn2.bias - torch.Size([512]): 
PretrainedInit: load from https://download.openmmlab.com/mmclassification/v0/resnet/resnet50_8xb32_in1k_20210831-ea4938fc.pth 

backbone.layer4.2.conv3.weight - torch.Size([2048, 512, 1, 1]): 
PretrainedInit: load from https://download.openmmlab.com/mmclassification/v0/resnet/resnet50_8xb32_in1k_20210831-ea4938fc.pth 

backbone.layer4.2.bn3.weight - torch.Size([2048]): 
PretrainedInit: load from https://download.openmmlab.com/mmclassification/v0/resnet/resnet50_8xb32_in1k_20210831-ea4938fc.pth 

backbone.layer4.2.bn3.bias - torch.Size([2048]): 
PretrainedInit: load from https://download.openmmlab.com/mmclassification/v0/resnet/resnet50_8xb32_in1k_20210831-ea4938fc.pth 

head.fc.weight - torch.Size([30, 2048]): 
NormalInit: mean=0, std=0.01, bias=0 

head.fc.bias - torch.Size([30]): 
NormalInit: mean=0, std=0.01, bias=0 
2023/06/08 22:05:18 - mmengine - WARNING - "FileClient" will be deprecated in future. Please use io functions in https://mmengine.readthedocs.io/en/latest/api/fileio.html#file-io
2023/06/08 22:05:18 - mmengine - WARNING - "HardDiskBackend" is the alias of "LocalBackend" and the former will be deprecated in future.
2023/06/08 22:05:18 - mmengine - INFO - Checkpoints will be saved to /home/LYY/workspace/pycharm/mmpretrain/exp.
2023/06/08 22:05:26 - mmengine - INFO - Epoch(train)  [1][100/218]  lr: 1.0000e-02  eta: 0:13:49  time: 0.0424  data_time: 0.0002  memory: 1618  loss: 2.9438
2023/06/08 22:05:30 - mmengine - INFO - Epoch(train)  [1][200/218]  lr: 1.0000e-02  eta: 0:10:37  time: 0.0423  data_time: 0.0002  memory: 1618  loss: 1.9677
2023/06/08 22:05:31 - mmengine - INFO - Exp name: resnet50_fruit_20230608_220514
2023/06/08 22:05:31 - mmengine - INFO - Saving checkpoint at 1 epochs
2023/06/08 22:05:33 - mmengine - INFO - Epoch(val) [1][28/28]    accuracy/top1: 46.3303  accuracy/top5: 83.9450  data_time: 0.0315  time: 0.0443
2023/06/08 22:05:34 - mmengine - INFO - The best checkpoint with 46.3303 accuracy/top1 at 1 epoch is saved to best_accuracy_top1_epoch_1.pth.
2023/06/08 22:05:39 - mmengine - INFO - Epoch(train)  [2][100/218]  lr: 1.0000e-02  eta: 0:09:30  time: 0.0425  data_time: 0.0002  memory: 1618  loss: 1.8148
2023/06/08 22:05:44 - mmengine - INFO - Epoch(train)  [2][200/218]  lr: 1.0000e-02  eta: 0:08:56  time: 0.0436  data_time: 0.0002  memory: 1618  loss: 1.4441
2023/06/08 22:05:44 - mmengine - INFO - Exp name: resnet50_fruit_20230608_220514
2023/06/08 22:05:44 - mmengine - INFO - Saving checkpoint at 2 epochs
2023/06/08 22:05:46 - mmengine - INFO - Epoch(val) [2][28/28]    accuracy/top1: 68.8073  accuracy/top5: 94.9541  data_time: 0.0255  time: 0.0382
2023/06/08 22:05:46 - mmengine - INFO - The previous best checkpoint /home/LYY/workspace/pycharm/mmpretrain/exp/best_accuracy_top1_epoch_1.pth is removed
2023/06/08 22:05:47 - mmengine - INFO - The best checkpoint with 68.8073 accuracy/top1 at 2 epoch is saved to best_accuracy_top1_epoch_2.pth.
2023/06/08 22:05:53 - mmengine - INFO - Epoch(train)  [3][100/218]  lr: 1.0000e-02  eta: 0:08:34  time: 0.0423  data_time: 0.0003  memory: 1618  loss: 1.2116
2023/06/08 22:05:57 - mmengine - INFO - Epoch(train)  [3][200/218]  lr: 1.0000e-02  eta: 0:08:18  time: 0.0424  data_time: 0.0002  memory: 1618  loss: 1.1533
2023/06/08 22:05:58 - mmengine - INFO - Exp name: resnet50_fruit_20230608_220514
2023/06/08 22:05:58 - mmengine - INFO - Saving checkpoint at 3 epochs
2023/06/08 22:06:00 - mmengine - INFO - Epoch(val) [3][28/28]    accuracy/top1: 69.9541  accuracy/top5: 92.6605  data_time: 0.0259  time: 0.0384
2023/06/08 22:06:00 - mmengine - INFO - The previous best checkpoint /home/LYY/workspace/pycharm/mmpretrain/exp/best_accuracy_top1_epoch_2.pth is removed
2023/06/08 22:06:00 - mmengine - INFO - The best checkpoint with 69.9541 accuracy/top1 at 3 epoch is saved to best_accuracy_top1_epoch_3.pth.
2023/06/08 22:06:06 - mmengine - INFO - Epoch(train)  [4][100/218]  lr: 1.0000e-02  eta: 0:08:05  time: 0.0426  data_time: 0.0002  memory: 1618  loss: 0.9134
2023/06/08 22:06:10 - mmengine - INFO - Epoch(train)  [4][200/218]  lr: 1.0000e-02  eta: 0:07:54  time: 0.0426  data_time: 0.0003  memory: 1618  loss: 0.8962
2023/06/08 22:06:11 - mmengine - INFO - Exp name: resnet50_fruit_20230608_220514
2023/06/08 22:06:11 - mmengine - INFO - Saving checkpoint at 4 epochs
2023/06/08 22:06:13 - mmengine - INFO - Epoch(val) [4][28/28]    accuracy/top1: 76.3761  accuracy/top5: 95.8716  data_time: 0.0248  time: 0.0376
2023/06/08 22:06:13 - mmengine - INFO - The previous best checkpoint /home/LYY/workspace/pycharm/mmpretrain/exp/best_accuracy_top1_epoch_3.pth is removed
2023/06/08 22:06:14 - mmengine - INFO - The best checkpoint with 76.3761 accuracy/top1 at 4 epoch is saved to best_accuracy_top1_epoch_4.pth.
2023/06/08 22:06:19 - mmengine - INFO - Epoch(train)  [5][100/218]  lr: 1.0000e-02  eta: 0:07:45  time: 0.0429  data_time: 0.0003  memory: 1618  loss: 0.8043
2023/06/08 22:06:20 - mmengine - INFO - Exp name: resnet50_fruit_20230608_220514
2023/06/08 22:06:23 - mmengine - INFO - Epoch(train)  [5][200/218]  lr: 1.0000e-02  eta: 0:07:37  time: 0.0428  data_time: 0.0002  memory: 1618  loss: 0.7732
2023/06/08 22:06:24 - mmengine - INFO - Exp name: resnet50_fruit_20230608_220514
2023/06/08 22:06:24 - mmengine - INFO - Saving checkpoint at 5 epochs
2023/06/08 22:06:26 - mmengine - INFO - Epoch(val) [5][28/28]    accuracy/top1: 80.7339  accuracy/top5: 97.2477  data_time: 0.0251  time: 0.0375
2023/06/08 22:06:26 - mmengine - INFO - The previous best checkpoint /home/LYY/workspace/pycharm/mmpretrain/exp/best_accuracy_top1_epoch_4.pth is removed
2023/06/08 22:06:27 - mmengine - INFO - The best checkpoint with 80.7339 accuracy/top1 at 5 epoch is saved to best_accuracy_top1_epoch_5.pth.
2023/06/08 22:06:33 - mmengine - INFO - Epoch(train)  [6][100/218]  lr: 1.0000e-02  eta: 0:07:29  time: 0.0426  data_time: 0.0002  memory: 1618  loss: 1.1046
2023/06/08 22:06:37 - mmengine - INFO - Epoch(train)  [6][200/218]  lr: 1.0000e-02  eta: 0:07:22  time: 0.0429  data_time: 0.0003  memory: 1618  loss: 0.7125
2023/06/08 22:06:38 - mmengine - INFO - Exp name: resnet50_fruit_20230608_220514
2023/06/08 22:06:38 - mmengine - INFO - Saving checkpoint at 6 epochs
2023/06/08 22:06:40 - mmengine - INFO - Epoch(val) [6][28/28]    accuracy/top1: 77.7523  accuracy/top5: 96.7890  data_time: 0.0255  time: 0.0381
2023/06/08 22:06:44 - mmengine - INFO - Epoch(train)  [7][100/218]  lr: 1.0000e-02  eta: 0:07:15  time: 0.0427  data_time: 0.0002  memory: 1618  loss: 0.6782
2023/06/08 22:06:48 - mmengine - INFO - Epoch(train)  [7][200/218]  lr: 1.0000e-02  eta: 0:07:09  time: 0.0430  data_time: 0.0003  memory: 1618  loss: 0.7722
2023/06/08 22:06:49 - mmengine - INFO - Exp name: resnet50_fruit_20230608_220514
2023/06/08 22:06:49 - mmengine - INFO - Saving checkpoint at 7 epochs
2023/06/08 22:06:51 - mmengine - INFO - Epoch(val) [7][28/28]    accuracy/top1: 83.7156  accuracy/top5: 98.3945  data_time: 0.0254  time: 0.0379
2023/06/08 22:06:51 - mmengine - INFO - The previous best checkpoint /home/LYY/workspace/pycharm/mmpretrain/exp/best_accuracy_top1_epoch_5.pth is removed
2023/06/08 22:06:52 - mmengine - INFO - The best checkpoint with 83.7156 accuracy/top1 at 7 epoch is saved to best_accuracy_top1_epoch_7.pth.
2023/06/08 22:06:57 - mmengine - INFO - Epoch(train)  [8][100/218]  lr: 1.0000e-02  eta: 0:07:03  time: 0.0435  data_time: 0.0004  memory: 1618  loss: 0.7616
2023/06/08 22:07:02 - mmengine - INFO - Epoch(train)  [8][200/218]  lr: 1.0000e-02  eta: 0:06:57  time: 0.0436  data_time: 0.0003  memory: 1618  loss: 0.6351
2023/06/08 22:07:02 - mmengine - INFO - Exp name: resnet50_fruit_20230608_220514
2023/06/08 22:07:02 - mmengine - INFO - Saving checkpoint at 8 epochs
2023/06/08 22:07:04 - mmengine - INFO - Epoch(val) [8][28/28]    accuracy/top1: 84.1743  accuracy/top5: 97.0183  data_time: 0.0254  time: 0.0380
2023/06/08 22:07:04 - mmengine - INFO - The previous best checkpoint /home/LYY/workspace/pycharm/mmpretrain/exp/best_accuracy_top1_epoch_7.pth is removed
2023/06/08 22:07:05 - mmengine - INFO - The best checkpoint with 84.1743 accuracy/top1 at 8 epoch is saved to best_accuracy_top1_epoch_8.pth.
2023/06/08 22:07:11 - mmengine - INFO - Epoch(train)  [9][100/218]  lr: 1.0000e-02  eta: 0:06:51  time: 0.0428  data_time: 0.0002  memory: 1618  loss: 0.5945
2023/06/08 22:07:15 - mmengine - INFO - Epoch(train)  [9][200/218]  lr: 1.0000e-02  eta: 0:06:45  time: 0.0430  data_time: 0.0003  memory: 1618  loss: 0.7210
2023/06/08 22:07:16 - mmengine - INFO - Exp name: resnet50_fruit_20230608_220514
2023/06/08 22:07:16 - mmengine - INFO - Saving checkpoint at 9 epochs
2023/06/08 22:07:18 - mmengine - INFO - Epoch(val) [9][28/28]    accuracy/top1: 84.1743  accuracy/top5: 98.1651  data_time: 0.0251  time: 0.0378
2023/06/08 22:07:20 - mmengine - INFO - Exp name: resnet50_fruit_20230608_220514
2023/06/08 22:07:22 - mmengine - INFO - Epoch(train) [10][100/218]  lr: 1.0000e-02  eta: 0:06:40  time: 0.0428  data_time: 0.0002  memory: 1618  loss: 0.7530
2023/06/08 22:07:27 - mmengine - INFO - Epoch(train) [10][200/218]  lr: 1.0000e-02  eta: 0:06:34  time: 0.0428  data_time: 0.0003  memory: 1618  loss: 0.6109
2023/06/08 22:07:27 - mmengine - INFO - Exp name: resnet50_fruit_20230608_220514
2023/06/08 22:07:27 - mmengine - INFO - Saving checkpoint at 10 epochs
2023/06/08 22:07:29 - mmengine - INFO - Epoch(val) [10][28/28]    accuracy/top1: 86.0092  accuracy/top5: 97.7064  data_time: 0.0261  time: 0.0389
2023/06/08 22:07:29 - mmengine - INFO - The previous best checkpoint /home/LYY/workspace/pycharm/mmpretrain/exp/best_accuracy_top1_epoch_8.pth is removed
2023/06/08 22:07:30 - mmengine - INFO - The best checkpoint with 86.0092 accuracy/top1 at 10 epoch is saved to best_accuracy_top1_epoch_10.pth.
2023/06/08 22:07:36 - mmengine - INFO - Epoch(train) [11][100/218]  lr: 1.0000e-02  eta: 0:06:29  time: 0.0429  data_time: 0.0003  memory: 1618  loss: 0.6232
2023/06/08 22:07:40 - mmengine - INFO - Epoch(train) [11][200/218]  lr: 1.0000e-02  eta: 0:06:24  time: 0.0428  data_time: 0.0003  memory: 1618  loss: 0.6122
2023/06/08 22:07:41 - mmengine - INFO - Exp name: resnet50_fruit_20230608_220514
2023/06/08 22:07:41 - mmengine - INFO - Saving checkpoint at 11 epochs
2023/06/08 22:07:43 - mmengine - INFO - Epoch(val) [11][28/28]    accuracy/top1: 85.3211  accuracy/top5: 98.8532  data_time: 0.0254  time: 0.0379
2023/06/08 22:07:47 - mmengine - INFO - Epoch(train) [12][100/218]  lr: 1.0000e-02  eta: 0:06:18  time: 0.0427  data_time: 0.0003  memory: 1618  loss: 0.4868
2023/06/08 22:07:52 - mmengine - INFO - Epoch(train) [12][200/218]  lr: 1.0000e-02  eta: 0:06:13  time: 0.0430  data_time: 0.0003  memory: 1618  loss: 0.5536
2023/06/08 22:07:52 - mmengine - INFO - Exp name: resnet50_fruit_20230608_220514
2023/06/08 22:07:52 - mmengine - INFO - Saving checkpoint at 12 epochs
2023/06/08 22:07:54 - mmengine - INFO - Epoch(val) [12][28/28]    accuracy/top1: 86.0092  accuracy/top5: 98.3945  data_time: 0.0251  time: 0.0378
2023/06/08 22:07:59 - mmengine - INFO - Epoch(train) [13][100/218]  lr: 1.0000e-02  eta: 0:06:07  time: 0.0430  data_time: 0.0004  memory: 1618  loss: 0.5174
2023/06/08 22:08:03 - mmengine - INFO - Epoch(train) [13][200/218]  lr: 1.0000e-02  eta: 0:06:02  time: 0.0429  data_time: 0.0003  memory: 1618  loss: 0.6576
2023/06/08 22:08:04 - mmengine - INFO - Exp name: resnet50_fruit_20230608_220514
2023/06/08 22:08:04 - mmengine - INFO - Saving checkpoint at 13 epochs
2023/06/08 22:08:06 - mmengine - INFO - Epoch(val) [13][28/28]    accuracy/top1: 86.2385  accuracy/top5: 98.1651  data_time: 0.0255  time: 0.0384
2023/06/08 22:08:06 - mmengine - INFO - The previous best checkpoint /home/LYY/workspace/pycharm/mmpretrain/exp/best_accuracy_top1_epoch_10.pth is removed
2023/06/08 22:08:07 - mmengine - INFO - The best checkpoint with 86.2385 accuracy/top1 at 13 epoch is saved to best_accuracy_top1_epoch_13.pth.
2023/06/08 22:08:12 - mmengine - INFO - Epoch(train) [14][100/218]  lr: 1.0000e-02  eta: 0:05:57  time: 0.0430  data_time: 0.0003  memory: 1618  loss: 0.4085
2023/06/08 22:08:15 - mmengine - INFO - Exp name: resnet50_fruit_20230608_220514
2023/06/08 22:08:17 - mmengine - INFO - Epoch(train) [14][200/218]  lr: 1.0000e-02  eta: 0:05:52  time: 0.0427  data_time: 0.0003  memory: 1618  loss: 0.5524
2023/06/08 22:08:17 - mmengine - INFO - Exp name: resnet50_fruit_20230608_220514
2023/06/08 22:08:17 - mmengine - INFO - Saving checkpoint at 14 epochs
2023/06/08 22:08:19 - mmengine - INFO - Epoch(val) [14][28/28]    accuracy/top1: 86.6972  accuracy/top5: 98.8532  data_time: 0.0256  time: 0.0380
2023/06/08 22:08:19 - mmengine - INFO - The previous best checkpoint /home/LYY/workspace/pycharm/mmpretrain/exp/best_accuracy_top1_epoch_13.pth is removed
2023/06/08 22:08:20 - mmengine - INFO - The best checkpoint with 86.6972 accuracy/top1 at 14 epoch is saved to best_accuracy_top1_epoch_14.pth.
2023/06/08 22:08:26 - mmengine - INFO - Epoch(train) [15][100/218]  lr: 1.0000e-02  eta: 0:05:47  time: 0.0429  data_time: 0.0003  memory: 1618  loss: 0.5396
2023/06/08 22:08:30 - mmengine - INFO - Epoch(train) [15][200/218]  lr: 1.0000e-02  eta: 0:05:42  time: 0.0432  data_time: 0.0003  memory: 1618  loss: 0.5383
2023/06/08 22:08:31 - mmengine - INFO - Exp name: resnet50_fruit_20230608_220514
2023/06/08 22:08:31 - mmengine - INFO - Saving checkpoint at 15 epochs
2023/06/08 22:08:33 - mmengine - INFO - Epoch(val) [15][28/28]    accuracy/top1: 87.3853  accuracy/top5: 98.8532  data_time: 0.0262  time: 0.0389
2023/06/08 22:08:33 - mmengine - INFO - The previous best checkpoint /home/LYY/workspace/pycharm/mmpretrain/exp/best_accuracy_top1_epoch_14.pth is removed
2023/06/08 22:08:34 - mmengine - INFO - The best checkpoint with 87.3853 accuracy/top1 at 15 epoch is saved to best_accuracy_top1_epoch_15.pth.
2023/06/08 22:08:39 - mmengine - INFO - Epoch(train) [16][100/218]  lr: 1.0000e-02  eta: 0:05:36  time: 0.0430  data_time: 0.0004  memory: 1618  loss: 0.5696
2023/06/08 22:08:44 - mmengine - INFO - Epoch(train) [16][200/218]  lr: 1.0000e-02  eta: 0:05:32  time: 0.0428  data_time: 0.0003  memory: 1618  loss: 0.3915
2023/06/08 22:08:44 - mmengine - INFO - Exp name: resnet50_fruit_20230608_220514
2023/06/08 22:08:44 - mmengine - INFO - Saving checkpoint at 16 epochs
2023/06/08 22:08:46 - mmengine - INFO - Epoch(val) [16][28/28]    accuracy/top1: 86.9266  accuracy/top5: 99.0826  data_time: 0.0251  time: 0.0377
2023/06/08 22:08:51 - mmengine - INFO - Epoch(train) [17][100/218]  lr: 1.0000e-02  eta: 0:05:26  time: 0.0429  data_time: 0.0003  memory: 1618  loss: 0.4077
2023/06/08 22:08:55 - mmengine - INFO - Epoch(train) [17][200/218]  lr: 1.0000e-02  eta: 0:05:21  time: 0.0429  data_time: 0.0003  memory: 1618  loss: 0.5651
2023/06/08 22:08:56 - mmengine - INFO - Exp name: resnet50_fruit_20230608_220514
2023/06/08 22:08:56 - mmengine - INFO - Saving checkpoint at 17 epochs
2023/06/08 22:08:58 - mmengine - INFO - Epoch(val) [17][28/28]    accuracy/top1: 83.9450  accuracy/top5: 97.9358  data_time: 0.0255  time: 0.0380
2023/06/08 22:09:02 - mmengine - INFO - Epoch(train) [18][100/218]  lr: 1.0000e-02  eta: 0:05:16  time: 0.0427  data_time: 0.0003  memory: 1618  loss: 0.5224
2023/06/08 22:09:07 - mmengine - INFO - Epoch(train) [18][200/218]  lr: 1.0000e-02  eta: 0:05:12  time: 0.0428  data_time: 0.0003  memory: 1618  loss: 0.3863
2023/06/08 22:09:07 - mmengine - INFO - Exp name: resnet50_fruit_20230608_220514
2023/06/08 22:09:07 - mmengine - INFO - Saving checkpoint at 18 epochs
2023/06/08 22:09:09 - mmengine - INFO - Epoch(val) [18][28/28]    accuracy/top1: 88.9908  accuracy/top5: 98.8532  data_time: 0.0253  time: 0.0377
2023/06/08 22:09:09 - mmengine - INFO - The previous best checkpoint /home/LYY/workspace/pycharm/mmpretrain/exp/best_accuracy_top1_epoch_15.pth is removed
2023/06/08 22:09:10 - mmengine - INFO - The best checkpoint with 88.9908 accuracy/top1 at 18 epoch is saved to best_accuracy_top1_epoch_18.pth.
2023/06/08 22:09:15 - mmengine - INFO - Exp name: resnet50_fruit_20230608_220514
2023/06/08 22:09:16 - mmengine - INFO - Epoch(train) [19][100/218]  lr: 1.0000e-02  eta: 0:05:06  time: 0.0431  data_time: 0.0004  memory: 1618  loss: 0.3368
2023/06/08 22:09:20 - mmengine - INFO - Epoch(train) [19][200/218]  lr: 1.0000e-02  eta: 0:05:02  time: 0.0431  data_time: 0.0003  memory: 1618  loss: 0.3549
2023/06/08 22:09:21 - mmengine - INFO - Exp name: resnet50_fruit_20230608_220514
2023/06/08 22:09:21 - mmengine - INFO - Saving checkpoint at 19 epochs
2023/06/08 22:09:23 - mmengine - INFO - Epoch(val) [19][28/28]    accuracy/top1: 85.7798  accuracy/top5: 98.1651  data_time: 0.0252  time: 0.0375
2023/06/08 22:09:27 - mmengine - INFO - Epoch(train) [20][100/218]  lr: 1.0000e-02  eta: 0:04:56  time: 0.0430  data_time: 0.0003  memory: 1618  loss: 0.4468
2023/06/08 22:09:32 - mmengine - INFO - Epoch(train) [20][200/218]  lr: 1.0000e-02  eta: 0:04:52  time: 0.0431  data_time: 0.0003  memory: 1618  loss: 0.3526
2023/06/08 22:09:32 - mmengine - INFO - Exp name: resnet50_fruit_20230608_220514
2023/06/08 22:09:32 - mmengine - INFO - Saving checkpoint at 20 epochs
2023/06/08 22:09:34 - mmengine - INFO - Epoch(val) [20][28/28]    accuracy/top1: 86.6972  accuracy/top5: 97.7064  data_time: 0.0246  time: 0.0370
2023/06/08 22:09:39 - mmengine - INFO - Epoch(train) [21][100/218]  lr: 1.0000e-02  eta: 0:04:47  time: 0.0429  data_time: 0.0003  memory: 1618  loss: 0.3275
2023/06/08 22:09:43 - mmengine - INFO - Epoch(train) [21][200/218]  lr: 1.0000e-02  eta: 0:04:42  time: 0.0429  data_time: 0.0003  memory: 1618  loss: 0.4643
2023/06/08 22:09:44 - mmengine - INFO - Exp name: resnet50_fruit_20230608_220514
2023/06/08 22:09:44 - mmengine - INFO - Saving checkpoint at 21 epochs
2023/06/08 22:09:46 - mmengine - INFO - Epoch(val) [21][28/28]    accuracy/top1: 88.5321  accuracy/top5: 97.7064  data_time: 0.0250  time: 0.0377
2023/06/08 22:09:50 - mmengine - INFO - Epoch(train) [22][100/218]  lr: 1.0000e-02  eta: 0:04:37  time: 0.0428  data_time: 0.0004  memory: 1618  loss: 0.3292
2023/06/08 22:09:55 - mmengine - INFO - Epoch(train) [22][200/218]  lr: 1.0000e-02  eta: 0:04:32  time: 0.0431  data_time: 0.0003  memory: 1618  loss: 0.2698
2023/06/08 22:09:56 - mmengine - INFO - Exp name: resnet50_fruit_20230608_220514
2023/06/08 22:09:56 - mmengine - INFO - Saving checkpoint at 22 epochs
2023/06/08 22:09:58 - mmengine - INFO - Epoch(val) [22][28/28]    accuracy/top1: 90.3670  accuracy/top5: 98.8532  data_time: 0.0252  time: 0.0379
2023/06/08 22:09:58 - mmengine - INFO - The previous best checkpoint /home/LYY/workspace/pycharm/mmpretrain/exp/best_accuracy_top1_epoch_18.pth is removed
2023/06/08 22:09:58 - mmengine - INFO - The best checkpoint with 90.3670 accuracy/top1 at 22 epoch is saved to best_accuracy_top1_epoch_22.pth.
2023/06/08 22:10:04 - mmengine - INFO - Epoch(train) [23][100/218]  lr: 1.0000e-02  eta: 0:04:27  time: 0.0430  data_time: 0.0003  memory: 1618  loss: 0.3910
2023/06/08 22:10:08 - mmengine - INFO - Epoch(train) [23][200/218]  lr: 1.0000e-02  eta: 0:04:22  time: 0.0430  data_time: 0.0003  memory: 1618  loss: 0.2599
2023/06/08 22:10:08 - mmengine - INFO - Exp name: resnet50_fruit_20230608_220514
2023/06/08 22:10:09 - mmengine - INFO - Exp name: resnet50_fruit_20230608_220514
2023/06/08 22:10:09 - mmengine - INFO - Saving checkpoint at 23 epochs
2023/06/08 22:10:11 - mmengine - INFO - Epoch(val) [23][28/28]    accuracy/top1: 89.4495  accuracy/top5: 98.8532  data_time: 0.0251  time: 0.0376
2023/06/08 22:10:16 - mmengine - INFO - Epoch(train) [24][100/218]  lr: 1.0000e-02  eta: 0:04:17  time: 0.0430  data_time: 0.0003  memory: 1618  loss: 0.4384
2023/06/08 22:10:20 - mmengine - INFO - Epoch(train) [24][200/218]  lr: 1.0000e-02  eta: 0:04:12  time: 0.0436  data_time: 0.0004  memory: 1618  loss: 0.3710
2023/06/08 22:10:21 - mmengine - INFO - Exp name: resnet50_fruit_20230608_220514
2023/06/08 22:10:21 - mmengine - INFO - Saving checkpoint at 24 epochs
2023/06/08 22:10:23 - mmengine - INFO - Epoch(val) [24][28/28]    accuracy/top1: 86.9266  accuracy/top5: 97.7064  data_time: 0.0245  time: 0.0376
2023/06/08 22:10:27 - mmengine - INFO - Epoch(train) [25][100/218]  lr: 1.0000e-02  eta: 0:04:07  time: 0.0428  data_time: 0.0003  memory: 1618  loss: 0.2449
2023/06/08 22:10:31 - mmengine - INFO - Epoch(train) [25][200/218]  lr: 1.0000e-02  eta: 0:04:03  time: 0.0432  data_time: 0.0003  memory: 1618  loss: 0.4070
2023/06/08 22:10:32 - mmengine - INFO - Exp name: resnet50_fruit_20230608_220514
2023/06/08 22:10:32 - mmengine - INFO - Saving checkpoint at 25 epochs
2023/06/08 22:10:34 - mmengine - INFO - Epoch(val) [25][28/28]    accuracy/top1: 87.1560  accuracy/top5: 99.3119  data_time: 0.0260  time: 0.0385
2023/06/08 22:10:39 - mmengine - INFO - Epoch(train) [26][100/218]  lr: 1.0000e-02  eta: 0:03:58  time: 0.0431  data_time: 0.0003  memory: 1618  loss: 0.3739
2023/06/08 22:10:43 - mmengine - INFO - Epoch(train) [26][200/218]  lr: 1.0000e-02  eta: 0:03:53  time: 0.0430  data_time: 0.0003  memory: 1618  loss: 0.3454
2023/06/08 22:10:44 - mmengine - INFO - Exp name: resnet50_fruit_20230608_220514
2023/06/08 22:10:44 - mmengine - INFO - Saving checkpoint at 26 epochs
2023/06/08 22:10:46 - mmengine - INFO - Epoch(val) [26][28/28]    accuracy/top1: 88.5321  accuracy/top5: 98.3945  data_time: 0.0260  time: 0.0385
2023/06/08 22:10:50 - mmengine - INFO - Epoch(train) [27][100/218]  lr: 1.0000e-02  eta: 0:03:48  time: 0.0431  data_time: 0.0004  memory: 1618  loss: 0.4657
2023/06/08 22:10:55 - mmengine - INFO - Epoch(train) [27][200/218]  lr: 1.0000e-02  eta: 0:03:43  time: 0.0432  data_time: 0.0003  memory: 1618  loss: 0.3334
2023/06/08 22:10:55 - mmengine - INFO - Exp name: resnet50_fruit_20230608_220514
2023/06/08 22:10:55 - mmengine - INFO - Saving checkpoint at 27 epochs
2023/06/08 22:10:57 - mmengine - INFO - Epoch(val) [27][28/28]    accuracy/top1: 84.6330  accuracy/top5: 97.9358  data_time: 0.0254  time: 0.0381
2023/06/08 22:11:02 - mmengine - INFO - Epoch(train) [28][100/218]  lr: 1.0000e-02  eta: 0:03:38  time: 0.0436  data_time: 0.0004  memory: 1618  loss: 0.3331
2023/06/08 22:11:03 - mmengine - INFO - Exp name: resnet50_fruit_20230608_220514
2023/06/08 22:11:06 - mmengine - INFO - Epoch(train) [28][200/218]  lr: 1.0000e-02  eta: 0:03:33  time: 0.0433  data_time: 0.0002  memory: 1618  loss: 0.4154
2023/06/08 22:11:07 - mmengine - INFO - Exp name: resnet50_fruit_20230608_220514
2023/06/08 22:11:07 - mmengine - INFO - Saving checkpoint at 28 epochs
2023/06/08 22:11:09 - mmengine - INFO - Epoch(val) [28][28/28]    accuracy/top1: 87.3853  accuracy/top5: 98.3945  data_time: 0.0254  time: 0.0380
2023/06/08 22:11:14 - mmengine - INFO - Epoch(train) [29][100/218]  lr: 1.0000e-02  eta: 0:03:28  time: 0.0431  data_time: 0.0003  memory: 1618  loss: 0.3808
2023/06/08 22:11:18 - mmengine - INFO - Epoch(train) [29][200/218]  lr: 1.0000e-02  eta: 0:03:24  time: 0.0431  data_time: 0.0002  memory: 1618  loss: 0.4585
2023/06/08 22:11:19 - mmengine - INFO - Exp name: resnet50_fruit_20230608_220514
2023/06/08 22:11:19 - mmengine - INFO - Saving checkpoint at 29 epochs
2023/06/08 22:11:21 - mmengine - INFO - Epoch(val) [29][28/28]    accuracy/top1: 88.5321  accuracy/top5: 98.1651  data_time: 0.0247  time: 0.0378
2023/06/08 22:11:25 - mmengine - INFO - Epoch(train) [30][100/218]  lr: 1.0000e-02  eta: 0:03:19  time: 0.0431  data_time: 0.0003  memory: 1618  loss: 0.4195
2023/06/08 22:11:30 - mmengine - INFO - Epoch(train) [30][200/218]  lr: 1.0000e-02  eta: 0:03:14  time: 0.0430  data_time: 0.0003  memory: 1618  loss: 0.3597
2023/06/08 22:11:30 - mmengine - INFO - Exp name: resnet50_fruit_20230608_220514
2023/06/08 22:11:30 - mmengine - INFO - Saving checkpoint at 30 epochs
2023/06/08 22:11:32 - mmengine - INFO - Epoch(val) [30][28/28]    accuracy/top1: 88.9908  accuracy/top5: 98.8532  data_time: 0.0252  time: 0.0381
2023/06/08 22:11:37 - mmengine - INFO - Epoch(train) [31][100/218]  lr: 1.0000e-03  eta: 0:03:09  time: 0.0433  data_time: 0.0002  memory: 1618  loss: 0.2059
2023/06/08 22:11:41 - mmengine - INFO - Epoch(train) [31][200/218]  lr: 1.0000e-03  eta: 0:03:04  time: 0.0430  data_time: 0.0002  memory: 1618  loss: 0.2464
2023/06/08 22:11:42 - mmengine - INFO - Exp name: resnet50_fruit_20230608_220514
2023/06/08 22:11:42 - mmengine - INFO - Saving checkpoint at 31 epochs
2023/06/08 22:11:44 - mmengine - INFO - Epoch(val) [31][28/28]    accuracy/top1: 91.7431  accuracy/top5: 99.0826  data_time: 0.0257  time: 0.0385
2023/06/08 22:11:44 - mmengine - INFO - The previous best checkpoint /home/LYY/workspace/pycharm/mmpretrain/exp/best_accuracy_top1_epoch_22.pth is removed
2023/06/08 22:11:45 - mmengine - INFO - The best checkpoint with 91.7431 accuracy/top1 at 31 epoch is saved to best_accuracy_top1_epoch_31.pth.
2023/06/08 22:11:50 - mmengine - INFO - Epoch(train) [32][100/218]  lr: 1.0000e-03  eta: 0:02:59  time: 0.0430  data_time: 0.0003  memory: 1618  loss: 0.2728
2023/06/08 22:11:55 - mmengine - INFO - Epoch(train) [32][200/218]  lr: 1.0000e-03  eta: 0:02:55  time: 0.0432  data_time: 0.0003  memory: 1618  loss: 0.1958
2023/06/08 22:11:55 - mmengine - INFO - Exp name: resnet50_fruit_20230608_220514
2023/06/08 22:11:55 - mmengine - INFO - Saving checkpoint at 32 epochs
2023/06/08 22:11:57 - mmengine - INFO - Epoch(val) [32][28/28]    accuracy/top1: 92.4312  accuracy/top5: 98.8532  data_time: 0.0241  time: 0.0373
2023/06/08 22:11:57 - mmengine - INFO - The previous best checkpoint /home/LYY/workspace/pycharm/mmpretrain/exp/best_accuracy_top1_epoch_31.pth is removed
2023/06/08 22:11:58 - mmengine - INFO - The best checkpoint with 92.4312 accuracy/top1 at 32 epoch is saved to best_accuracy_top1_epoch_32.pth.
2023/06/08 22:12:00 - mmengine - INFO - Exp name: resnet50_fruit_20230608_220514
2023/06/08 22:12:04 - mmengine - INFO - Epoch(train) [33][100/218]  lr: 1.0000e-03  eta: 0:02:49  time: 0.0430  data_time: 0.0003  memory: 1618  loss: 0.0850
2023/06/08 22:12:08 - mmengine - INFO - Epoch(train) [33][200/218]  lr: 1.0000e-03  eta: 0:02:45  time: 0.0431  data_time: 0.0002  memory: 1618  loss: 0.1255
2023/06/08 22:12:09 - mmengine - INFO - Exp name: resnet50_fruit_20230608_220514
2023/06/08 22:12:09 - mmengine - INFO - Saving checkpoint at 33 epochs
2023/06/08 22:12:11 - mmengine - INFO - Epoch(val) [33][28/28]    accuracy/top1: 92.8899  accuracy/top5: 99.0826  data_time: 0.0252  time: 0.0377
2023/06/08 22:12:11 - mmengine - INFO - The previous best checkpoint /home/LYY/workspace/pycharm/mmpretrain/exp/best_accuracy_top1_epoch_32.pth is removed
2023/06/08 22:12:11 - mmengine - INFO - The best checkpoint with 92.8899 accuracy/top1 at 33 epoch is saved to best_accuracy_top1_epoch_33.pth.
2023/06/08 22:12:17 - mmengine - INFO - Epoch(train) [34][100/218]  lr: 1.0000e-03  eta: 0:02:40  time: 0.0430  data_time: 0.0003  memory: 1618  loss: 0.1052
2023/06/08 22:12:21 - mmengine - INFO - Epoch(train) [34][200/218]  lr: 1.0000e-03  eta: 0:02:35  time: 0.0429  data_time: 0.0002  memory: 1618  loss: 0.1153
2023/06/08 22:12:22 - mmengine - INFO - Exp name: resnet50_fruit_20230608_220514
2023/06/08 22:12:22 - mmengine - INFO - Saving checkpoint at 34 epochs
2023/06/08 22:12:24 - mmengine - INFO - Epoch(val) [34][28/28]    accuracy/top1: 92.4312  accuracy/top5: 98.8532  data_time: 0.0252  time: 0.0380
2023/06/08 22:12:29 - mmengine - INFO - Epoch(train) [35][100/218]  lr: 1.0000e-03  eta: 0:02:30  time: 0.0430  data_time: 0.0003  memory: 1618  loss: 0.0801
2023/06/08 22:12:33 - mmengine - INFO - Epoch(train) [35][200/218]  lr: 1.0000e-03  eta: 0:02:25  time: 0.0432  data_time: 0.0002  memory: 1618  loss: 0.1138
2023/06/08 22:12:34 - mmengine - INFO - Exp name: resnet50_fruit_20230608_220514
2023/06/08 22:12:34 - mmengine - INFO - Saving checkpoint at 35 epochs
2023/06/08 22:12:36 - mmengine - INFO - Epoch(val) [35][28/28]    accuracy/top1: 92.4312  accuracy/top5: 98.8532  data_time: 0.0243  time: 0.0373
2023/06/08 22:12:40 - mmengine - INFO - Epoch(train) [36][100/218]  lr: 1.0000e-03  eta: 0:02:20  time: 0.0430  data_time: 0.0002  memory: 1618  loss: 0.0892
2023/06/08 22:12:45 - mmengine - INFO - Epoch(train) [36][200/218]  lr: 1.0000e-03  eta: 0:02:16  time: 0.0433  data_time: 0.0003  memory: 1618  loss: 0.0578
2023/06/08 22:12:45 - mmengine - INFO - Exp name: resnet50_fruit_20230608_220514
2023/06/08 22:12:45 - mmengine - INFO - Saving checkpoint at 36 epochs
2023/06/08 22:12:47 - mmengine - INFO - Epoch(val) [36][28/28]    accuracy/top1: 92.4312  accuracy/top5: 98.8532  data_time: 0.0251  time: 0.0380
2023/06/08 22:12:52 - mmengine - INFO - Epoch(train) [37][100/218]  lr: 1.0000e-03  eta: 0:02:11  time: 0.0431  data_time: 0.0002  memory: 1618  loss: 0.1261
2023/06/08 22:12:54 - mmengine - INFO - Exp name: resnet50_fruit_20230608_220514
2023/06/08 22:12:56 - mmengine - INFO - Epoch(train) [37][200/218]  lr: 1.0000e-03  eta: 0:02:06  time: 0.0429  data_time: 0.0002  memory: 1618  loss: 0.1601
2023/06/08 22:12:57 - mmengine - INFO - Exp name: resnet50_fruit_20230608_220514
2023/06/08 22:12:57 - mmengine - INFO - Saving checkpoint at 37 epochs
2023/06/08 22:12:59 - mmengine - INFO - Epoch(val) [37][28/28]    accuracy/top1: 92.8899  accuracy/top5: 98.8532  data_time: 0.0262  time: 0.0387
2023/06/08 22:13:03 - mmengine - INFO - Epoch(train) [38][100/218]  lr: 1.0000e-03  eta: 0:02:01  time: 0.0431  data_time: 0.0003  memory: 1618  loss: 0.1133
2023/06/08 22:13:08 - mmengine - INFO - Epoch(train) [38][200/218]  lr: 1.0000e-03  eta: 0:01:56  time: 0.0431  data_time: 0.0003  memory: 1618  loss: 0.0585
2023/06/08 22:13:08 - mmengine - INFO - Exp name: resnet50_fruit_20230608_220514
2023/06/08 22:13:08 - mmengine - INFO - Saving checkpoint at 38 epochs
2023/06/08 22:13:10 - mmengine - INFO - Epoch(val) [38][28/28]    accuracy/top1: 93.1193  accuracy/top5: 98.8532  data_time: 0.0257  time: 0.0387
2023/06/08 22:13:10 - mmengine - INFO - The previous best checkpoint /home/LYY/workspace/pycharm/mmpretrain/exp/best_accuracy_top1_epoch_33.pth is removed
2023/06/08 22:13:11 - mmengine - INFO - The best checkpoint with 93.1193 accuracy/top1 at 38 epoch is saved to best_accuracy_top1_epoch_38.pth.
2023/06/08 22:13:17 - mmengine - INFO - Epoch(train) [39][100/218]  lr: 1.0000e-03  eta: 0:01:51  time: 0.0432  data_time: 0.0003  memory: 1618  loss: 0.0629
2023/06/08 22:13:21 - mmengine - INFO - Epoch(train) [39][200/218]  lr: 1.0000e-03  eta: 0:01:47  time: 0.0432  data_time: 0.0003  memory: 1618  loss: 0.1069
2023/06/08 22:13:22 - mmengine - INFO - Exp name: resnet50_fruit_20230608_220514
2023/06/08 22:13:22 - mmengine - INFO - Saving checkpoint at 39 epochs
2023/06/08 22:13:24 - mmengine - INFO - Epoch(val) [39][28/28]    accuracy/top1: 93.5780  accuracy/top5: 98.8532  data_time: 0.0245  time: 0.0401
2023/06/08 22:13:24 - mmengine - INFO - The previous best checkpoint /home/LYY/workspace/pycharm/mmpretrain/exp/best_accuracy_top1_epoch_38.pth is removed
2023/06/08 22:13:25 - mmengine - INFO - The best checkpoint with 93.5780 accuracy/top1 at 39 epoch is saved to best_accuracy_top1_epoch_39.pth.
2023/06/08 22:13:30 - mmengine - INFO - Epoch(train) [40][100/218]  lr: 1.0000e-03  eta: 0:01:41  time: 0.0429  data_time: 0.0003  memory: 1618  loss: 0.1441
2023/06/08 22:13:35 - mmengine - INFO - Epoch(train) [40][200/218]  lr: 1.0000e-03  eta: 0:01:37  time: 0.0432  data_time: 0.0003  memory: 1618  loss: 0.1112
2023/06/08 22:13:35 - mmengine - INFO - Exp name: resnet50_fruit_20230608_220514
2023/06/08 22:13:35 - mmengine - INFO - Saving checkpoint at 40 epochs
2023/06/08 22:13:37 - mmengine - INFO - Epoch(val) [40][28/28]    accuracy/top1: 93.1193  accuracy/top5: 98.8532  data_time: 0.0242  time: 0.0372
2023/06/08 22:13:42 - mmengine - INFO - Epoch(train) [41][100/218]  lr: 1.0000e-03  eta: 0:01:32  time: 0.0429  data_time: 0.0003  memory: 1618  loss: 0.1555
2023/06/08 22:13:46 - mmengine - INFO - Epoch(train) [41][200/218]  lr: 1.0000e-03  eta: 0:01:27  time: 0.0429  data_time: 0.0002  memory: 1618  loss: 0.1303
2023/06/08 22:13:47 - mmengine - INFO - Exp name: resnet50_fruit_20230608_220514
2023/06/08 22:13:47 - mmengine - INFO - Saving checkpoint at 41 epochs
2023/06/08 22:13:49 - mmengine - INFO - Epoch(val) [41][28/28]    accuracy/top1: 93.1193  accuracy/top5: 98.8532  data_time: 0.0250  time: 0.0376
2023/06/08 22:13:52 - mmengine - INFO - Exp name: resnet50_fruit_20230608_220514
2023/06/08 22:13:53 - mmengine - INFO - Epoch(train) [42][100/218]  lr: 1.0000e-03  eta: 0:01:22  time: 0.0430  data_time: 0.0003  memory: 1618  loss: 0.0418
2023/06/08 22:13:58 - mmengine - INFO - Epoch(train) [42][200/218]  lr: 1.0000e-03  eta: 0:01:18  time: 0.0431  data_time: 0.0003  memory: 1618  loss: 0.0627
2023/06/08 22:13:59 - mmengine - INFO - Exp name: resnet50_fruit_20230608_220514
2023/06/08 22:13:59 - mmengine - INFO - Saving checkpoint at 42 epochs
2023/06/08 22:14:01 - mmengine - INFO - Epoch(val) [42][28/28]    accuracy/top1: 93.3486  accuracy/top5: 98.8532  data_time: 0.0249  time: 0.0382
2023/06/08 22:14:05 - mmengine - INFO - Epoch(train) [43][100/218]  lr: 1.0000e-03  eta: 0:01:12  time: 0.0430  data_time: 0.0003  memory: 1618  loss: 0.2283
2023/06/08 22:14:09 - mmengine - INFO - Epoch(train) [43][200/218]  lr: 1.0000e-03  eta: 0:01:08  time: 0.0432  data_time: 0.0003  memory: 1618  loss: 0.1239
2023/06/08 22:14:10 - mmengine - INFO - Exp name: resnet50_fruit_20230608_220514
2023/06/08 22:14:10 - mmengine - INFO - Saving checkpoint at 43 epochs
2023/06/08 22:14:12 - mmengine - INFO - Epoch(val) [43][28/28]    accuracy/top1: 93.3486  accuracy/top5: 99.0826  data_time: 0.0245  time: 0.0372
2023/06/08 22:14:17 - mmengine - INFO - Epoch(train) [44][100/218]  lr: 1.0000e-03  eta: 0:01:03  time: 0.0429  data_time: 0.0003  memory: 1618  loss: 0.1527
2023/06/08 22:14:21 - mmengine - INFO - Epoch(train) [44][200/218]  lr: 1.0000e-03  eta: 0:00:58  time: 0.0430  data_time: 0.0003  memory: 1618  loss: 0.0479
2023/06/08 22:14:22 - mmengine - INFO - Exp name: resnet50_fruit_20230608_220514
2023/06/08 22:14:22 - mmengine - INFO - Saving checkpoint at 44 epochs
2023/06/08 22:14:24 - mmengine - INFO - Epoch(val) [44][28/28]    accuracy/top1: 93.3486  accuracy/top5: 98.8532  data_time: 0.0252  time: 0.0382
2023/06/08 22:14:28 - mmengine - INFO - Epoch(train) [45][100/218]  lr: 1.0000e-03  eta: 0:00:53  time: 0.0430  data_time: 0.0003  memory: 1618  loss: 0.1291
2023/06/08 22:14:32 - mmengine - INFO - Epoch(train) [45][200/218]  lr: 1.0000e-03  eta: 0:00:49  time: 0.0432  data_time: 0.0003  memory: 1618  loss: 0.1373
2023/06/08 22:14:33 - mmengine - INFO - Exp name: resnet50_fruit_20230608_220514
2023/06/08 22:14:33 - mmengine - INFO - Saving checkpoint at 45 epochs
2023/06/08 22:14:35 - mmengine - INFO - Epoch(val) [45][28/28]    accuracy/top1: 93.8073  accuracy/top5: 98.8532  data_time: 0.0255  time: 0.0382
2023/06/08 22:14:35 - mmengine - INFO - The previous best checkpoint /home/LYY/workspace/pycharm/mmpretrain/exp/best_accuracy_top1_epoch_39.pth is removed
2023/06/08 22:14:36 - mmengine - INFO - The best checkpoint with 93.8073 accuracy/top1 at 45 epoch is saved to best_accuracy_top1_epoch_45.pth.
2023/06/08 22:14:42 - mmengine - INFO - Epoch(train) [46][100/218]  lr: 1.0000e-03  eta: 0:00:43  time: 0.0431  data_time: 0.0003  memory: 1618  loss: 0.1838
2023/06/08 22:14:45 - mmengine - INFO - Exp name: resnet50_fruit_20230608_220514
2023/06/08 22:14:46 - mmengine - INFO - Epoch(train) [46][200/218]  lr: 1.0000e-03  eta: 0:00:39  time: 0.0430  data_time: 0.0003  memory: 1618  loss: 0.0549
2023/06/08 22:14:47 - mmengine - INFO - Exp name: resnet50_fruit_20230608_220514
2023/06/08 22:14:47 - mmengine - INFO - Saving checkpoint at 46 epochs
2023/06/08 22:14:49 - mmengine - INFO - Epoch(val) [46][28/28]    accuracy/top1: 93.3486  accuracy/top5: 98.8532  data_time: 0.0242  time: 0.0372
2023/06/08 22:14:53 - mmengine - INFO - Epoch(train) [47][100/218]  lr: 1.0000e-03  eta: 0:00:34  time: 0.0431  data_time: 0.0003  memory: 1618  loss: 0.0844
2023/06/08 22:14:57 - mmengine - INFO - Epoch(train) [47][200/218]  lr: 1.0000e-03  eta: 0:00:29  time: 0.0433  data_time: 0.0003  memory: 1618  loss: 0.0499
2023/06/08 22:14:58 - mmengine - INFO - Exp name: resnet50_fruit_20230608_220514
2023/06/08 22:14:58 - mmengine - INFO - Saving checkpoint at 47 epochs
2023/06/08 22:15:00 - mmengine - INFO - Epoch(val) [47][28/28]    accuracy/top1: 93.1193  accuracy/top5: 98.8532  data_time: 0.0253  time: 0.0380
2023/06/08 22:15:05 - mmengine - INFO - Epoch(train) [48][100/218]  lr: 1.0000e-03  eta: 0:00:24  time: 0.0429  data_time: 0.0003  memory: 1618  loss: 0.1538
2023/06/08 22:15:09 - mmengine - INFO - Epoch(train) [48][200/218]  lr: 1.0000e-03  eta: 0:00:20  time: 0.0430  data_time: 0.0003  memory: 1618  loss: 0.0539
2023/06/08 22:15:10 - mmengine - INFO - Exp name: resnet50_fruit_20230608_220514
2023/06/08 22:15:10 - mmengine - INFO - Saving checkpoint at 48 epochs
2023/06/08 22:15:12 - mmengine - INFO - Epoch(val) [48][28/28]    accuracy/top1: 93.8073  accuracy/top5: 98.8532  data_time: 0.0247  time: 0.0372
2023/06/08 22:15:16 - mmengine - INFO - Epoch(train) [49][100/218]  lr: 1.0000e-03  eta: 0:00:14  time: 0.0431  data_time: 0.0003  memory: 1618  loss: 0.0935
2023/06/08 22:15:21 - mmengine - INFO - Epoch(train) [49][200/218]  lr: 1.0000e-03  eta: 0:00:10  time: 0.0432  data_time: 0.0003  memory: 1618  loss: 0.0666
2023/06/08 22:15:21 - mmengine - INFO - Exp name: resnet50_fruit_20230608_220514
2023/06/08 22:15:21 - mmengine - INFO - Saving checkpoint at 49 epochs
2023/06/08 22:15:23 - mmengine - INFO - Epoch(val) [49][28/28]    accuracy/top1: 93.3486  accuracy/top5: 98.8532  data_time: 0.0255  time: 0.0382
2023/06/08 22:15:28 - mmengine - INFO - Epoch(train) [50][100/218]  lr: 1.0000e-03  eta: 0:00:05  time: 0.0433  data_time: 0.0003  memory: 1618  loss: 0.0951
2023/06/08 22:15:32 - mmengine - INFO - Epoch(train) [50][200/218]  lr: 1.0000e-03  eta: 0:00:00  time: 0.0430  data_time: 0.0003  memory: 1618  loss: 0.0598
2023/06/08 22:15:33 - mmengine - INFO - Exp name: resnet50_fruit_20230608_220514
2023/06/08 22:15:33 - mmengine - INFO - Saving checkpoint at 50 epochs
2023/06/08 22:15:35 - mmengine - INFO - Epoch(val) [50][28/28]    accuracy/top1: 94.4954  accuracy/top5: 99.0826  data_time: 0.0253  time: 0.0380
2023/06/08 22:15:35 - mmengine - INFO - The previous best checkpoint /home/LYY/workspace/pycharm/mmpretrain/exp/best_accuracy_top1_epoch_45.pth is removed
2023/06/08 22:15:36 - mmengine - INFO - The best checkpoint with 94.4954 accuracy/top1 at 50 epoch is saved to best_accuracy_top1_epoch_50.pth.
